20:42:24.417[main]INFO  testCases.TC001_AccountRegistrationTest - ***** Starting TC001_AccountRegistrationTest *****
20:42:24.634[main]INFO  testCases.TC001_AccountRegistrationTest - Clicked on MyAccount Link
20:42:26.556[main]INFO  testCases.TC001_AccountRegistrationTest - Clicked on Register Link
20:42:26.561[main]INFO  testCases.TC001_AccountRegistrationTest - Providing Customer details...
20:42:31.271[main]INFO  testCases.TC001_AccountRegistrationTest - Validating expected message
20:42:31.372[main]INFO  testCases.TC001_AccountRegistrationTest - ***** Finished TC001_AccountRegistrationTest *****
20:51:20.792[main]DEBUG org.testng.TestNG - suiteXmlPath: "C:\Users\Login\eclipse-workspace\OpencartV121\crossbrowsertesting.xml"
20:51:21.180[main]INFO  org.testng.internal.Utils - [TestNG] Running:
  C:\Users\Login\eclipse-workspace\OpencartV121\crossbrowsertesting.xml

20:51:37.926[main]INFO  testCases.TC001_AccountRegistrationTest - ***** Starting TC001_AccountRegistrationTest *****
20:51:38.763[main]INFO  testCases.TC001_AccountRegistrationTest - Clicked on MyAccount Link
20:51:39.430[main]INFO  testCases.TC001_AccountRegistrationTest - Clicked on Register Link
20:51:39.452[main]INFO  testCases.TC001_AccountRegistrationTest - Providing Customer details...
20:51:40.842[main]INFO  testCases.TC001_AccountRegistrationTest - Validating expected message
20:51:40.972[main]INFO  testCases.TC001_AccountRegistrationTest - ***** Finished TC001_AccountRegistrationTest *****
20:51:49.047[main]INFO  testCases.TC001_AccountRegistrationTest - ***** Starting TC001_AccountRegistrationTest *****
20:51:50.708[main]INFO  testCases.TC001_AccountRegistrationTest - Clicked on MyAccount Link
20:51:51.422[main]INFO  testCases.TC001_AccountRegistrationTest - Clicked on Register Link
20:51:51.423[main]INFO  testCases.TC001_AccountRegistrationTest - Providing Customer details...
20:51:52.871[main]INFO  testCases.TC001_AccountRegistrationTest - Validating expected message
20:51:52.962[main]INFO  testCases.TC001_AccountRegistrationTest - ***** Finished TC001_AccountRegistrationTest *****
20:52:00.064[main]INFO  testCases.TC001_AccountRegistrationTest - ***** Starting TC001_AccountRegistrationTest *****
20:52:01.990[main]INFO  testCases.TC001_AccountRegistrationTest - Clicked on MyAccount Link
20:52:03.000[main]INFO  testCases.TC001_AccountRegistrationTest - Clicked on Register Link
20:52:03.002[main]INFO  testCases.TC001_AccountRegistrationTest - Providing Customer details...
20:52:04.511[main]INFO  testCases.TC001_AccountRegistrationTest - Validating expected message
20:52:04.552[main]INFO  testCases.TC001_AccountRegistrationTest - ***** Finished TC001_AccountRegistrationTest *****
21:42:36.537[main]DEBUG org.testng.TestNG - suiteXmlPath: "C:\Users\Login\eclipse-workspace\OpencartV121\crossbrowsertesting.xml"
21:42:37.057[main]INFO  org.testng.internal.Utils - [TestNG] Running:
  C:\Users\Login\eclipse-workspace\OpencartV121\crossbrowsertesting.xml

21:43:13.976[TestNG-tests-1]INFO  testCases.TC001_AccountRegistrationTest - ***** Starting TC001_AccountRegistrationTest *****
21:43:14.002[TestNG-tests-2]INFO  testCases.TC001_AccountRegistrationTest - ***** Starting TC001_AccountRegistrationTest *****
21:43:14.022[TestNG-tests-3]INFO  testCases.TC001_AccountRegistrationTest - ***** Starting TC001_AccountRegistrationTest *****
21:43:17.295[TestNG-tests-1]INFO  testCases.TC001_AccountRegistrationTest - Clicked on MyAccount Link
21:43:17.536[TestNG-tests-3]INFO  testCases.TC001_AccountRegistrationTest - Clicked on MyAccount Link
21:43:17.677[TestNG-tests-2]INFO  testCases.TC001_AccountRegistrationTest - Clicked on MyAccount Link
21:43:19.031[TestNG-tests-1]INFO  testCases.TC001_AccountRegistrationTest - Clicked on Register Link
21:43:19.101[TestNG-tests-1]INFO  testCases.TC001_AccountRegistrationTest - Providing Customer details...
21:43:19.684[TestNG-tests-3]INFO  testCases.TC001_AccountRegistrationTest - Clicked on Register Link
21:43:19.686[TestNG-tests-3]INFO  testCases.TC001_AccountRegistrationTest - Providing Customer details...
21:43:22.804[TestNG-tests-2]INFO  testCases.TC001_AccountRegistrationTest - Clicked on Register Link
21:43:22.809[TestNG-tests-2]INFO  testCases.TC001_AccountRegistrationTest - Providing Customer details...
21:43:26.232[TestNG-tests-1]INFO  testCases.TC001_AccountRegistrationTest - Validating expected message
21:43:26.467[TestNG-tests-3]INFO  testCases.TC001_AccountRegistrationTest - Validating expected message
21:43:26.494[TestNG-tests-1]INFO  testCases.TC001_AccountRegistrationTest - ***** Finished TC001_AccountRegistrationTest *****
21:43:26.657[TestNG-tests-2]INFO  testCases.TC001_AccountRegistrationTest - Validating expected message
21:43:26.782[TestNG-tests-3]INFO  testCases.TC001_AccountRegistrationTest - ***** Finished TC001_AccountRegistrationTest *****
21:43:26.983[TestNG-tests-2]INFO  testCases.TC001_AccountRegistrationTest - ***** Finished TC001_AccountRegistrationTest *****
