17:29:55.196[main]DEBUG org.apache.poi.openxml4j.opc.PackageRelationshipCollection - Parsing relationship: /xl/worksheets/_rels/sheet1.xml.rels
17:29:55.208[main]DEBUG org.apache.poi.openxml4j.opc.PackageRelationshipCollection - Parsing relationship: /_rels/.rels
17:29:55.246[main]DEBUG org.apache.poi.openxml4j.opc.PackageRelationshipCollection - Parsing relationship: /xl/_rels/workbook.xml.rels
17:29:55.247[main]DEBUG org.apache.poi.openxml4j.opc.PackageRelationshipCollection - Parsing relationship: /xl/worksheets/_rels/sheet1.xml.rels
17:29:55.248[main]DEBUG org.apache.poi.openxml4j.opc.PackageRelationshipCollection - Parsing relationship: /_rels/.rels
17:29:55.285[main]DEBUG org.apache.poi.openxml4j.opc.PackageRelationshipCollection - Parsing relationship: /xl/_rels/workbook.xml.rels
17:29:55.286[main]DEBUG org.apache.poi.openxml4j.opc.PackageRelationshipCollection - Parsing relationship: /xl/worksheets/_rels/sheet1.xml.rels
17:29:55.287[main]DEBUG org.apache.poi.openxml4j.opc.PackageRelationshipCollection - Parsing relationship: /_rels/.rels
17:29:55.311[main]DEBUG org.apache.poi.openxml4j.opc.PackageRelationshipCollection - Parsing relationship: /xl/_rels/workbook.xml.rels
17:29:55.312[main]DEBUG org.apache.poi.openxml4j.opc.PackageRelationshipCollection - Parsing relationship: /xl/worksheets/_rels/sheet1.xml.rels
17:29:55.313[main]DEBUG org.apache.poi.openxml4j.opc.PackageRelationshipCollection - Parsing relationship: /_rels/.rels
17:29:55.338[main]DEBUG org.apache.poi.openxml4j.opc.PackageRelationshipCollection - Parsing relationship: /xl/_rels/workbook.xml.rels
17:29:55.339[main]DEBUG org.apache.poi.openxml4j.opc.PackageRelationshipCollection - Parsing relationship: /xl/worksheets/_rels/sheet1.xml.rels
17:29:55.340[main]DEBUG org.apache.poi.openxml4j.opc.PackageRelationshipCollection - Parsing relationship: /_rels/.rels
17:29:55.375[main]DEBUG org.apache.poi.openxml4j.opc.PackageRelationshipCollection - Parsing relationship: /xl/_rels/workbook.xml.rels
17:29:55.376[main]DEBUG org.apache.poi.openxml4j.opc.PackageRelationshipCollection - Parsing relationship: /xl/worksheets/_rels/sheet1.xml.rels
17:29:55.378[main]DEBUG org.apache.poi.openxml4j.opc.PackageRelationshipCollection - Parsing relationship: /_rels/.rels
17:29:55.427[main]INFO  testCases.TC003_LoginDDT - ***** Starting TC003_LoginDDT *****
17:29:55.572[main]INFO  testCases.TC003_LoginDDT - Clicked on MyAccount Link
17:29:55.945[main]INFO  testCases.TC003_LoginDDT - Clicked On Login Link
17:29:55.946[main]INFO  testCases.TC003_LoginDDT - Providing Login Details
17:29:57.626[main]INFO  testCases.TC003_LoginDDT - ***** Finished TC003_LoginDDT *****
17:29:57.648[main]INFO  testCases.TC003_LoginDDT - ***** Starting TC003_LoginDDT *****
17:29:57.740[main]INFO  testCases.TC003_LoginDDT - Clicked on MyAccount Link
17:29:57.990[main]INFO  testCases.TC003_LoginDDT - Clicked On Login Link
17:29:57.991[main]INFO  testCases.TC003_LoginDDT - Providing Login Details
17:30:08.704[main]INFO  testCases.TC003_LoginDDT - ***** Finished TC003_LoginDDT *****
17:30:08.709[main]INFO  testCases.TC003_LoginDDT - ***** Starting TC003_LoginDDT *****
17:30:08.806[main]INFO  testCases.TC003_LoginDDT - Clicked on MyAccount Link
17:30:09.084[main]INFO  testCases.TC003_LoginDDT - Clicked On Login Link
17:30:09.085[main]INFO  testCases.TC003_LoginDDT - Providing Login Details
17:30:19.736[main]INFO  testCases.TC003_LoginDDT - ***** Finished TC003_LoginDDT *****
17:30:19.740[main]INFO  testCases.TC003_LoginDDT - ***** Starting TC003_LoginDDT *****
17:30:19.830[main]INFO  testCases.TC003_LoginDDT - Clicked on MyAccount Link
17:30:20.092[main]INFO  testCases.TC003_LoginDDT - Clicked On Login Link
17:30:20.092[main]INFO  testCases.TC003_LoginDDT - Providing Login Details
17:30:30.582[main]INFO  testCases.TC003_LoginDDT - ***** Finished TC003_LoginDDT *****
17:30:30.586[main]INFO  testCases.TC003_LoginDDT - ***** Starting TC003_LoginDDT *****
17:30:30.670[main]INFO  testCases.TC003_LoginDDT - Clicked on MyAccount Link
17:30:30.918[main]INFO  testCases.TC003_LoginDDT - Clicked On Login Link
17:30:30.918[main]INFO  testCases.TC003_LoginDDT - Providing Login Details
17:30:32.033[main]INFO  testCases.TC003_LoginDDT - ***** Finished TC003_LoginDDT *****
17:30:32.041[main]INFO  testCases.TC003_LoginDDT - ***** Starting TC003_LoginDDT *****
17:30:32.117[main]INFO  testCases.TC003_LoginDDT - Clicked on MyAccount Link
17:30:32.352[main]INFO  testCases.TC003_LoginDDT - Clicked On Login Link
17:30:32.353[main]INFO  testCases.TC003_LoginDDT - Providing Login Details
17:30:43.114[main]INFO  testCases.TC003_LoginDDT - ***** Finished TC003_LoginDDT *****
17:37:29.744[main]DEBUG org.testng.TestNG - suiteXmlPath: "C:\Users\Login\eclipse-workspace\OpencartV121\master.xml"
17:37:30.054[main]INFO  org.testng.internal.Utils - [TestNG] Running:
  C:\Users\Login\eclipse-workspace\OpencartV121\master.xml

17:37:40.878[main]INFO  testCases.TC002_LoginTest - ***** Starting TC002_LoginTest *****
