17:24:50.119[main]DEBUG org.apache.poi.openxml4j.opc.PackageRelationshipCollection - Parsing relationship: /xl/_rels/workbook.xml.rels
17:24:50.130[main]DEBUG org.apache.poi.openxml4j.opc.PackageRelationshipCollection - Parsing relationship: /xl/worksheets/_rels/sheet1.xml.rels
17:24:50.132[main]DEBUG org.apache.poi.openxml4j.opc.PackageRelationshipCollection - Parsing relationship: /_rels/.rels
17:24:50.173[main]DEBUG org.apache.poi.openxml4j.opc.PackageRelationshipCollection - Parsing relationship: /xl/_rels/workbook.xml.rels
17:24:50.174[main]DEBUG org.apache.poi.openxml4j.opc.PackageRelationshipCollection - Parsing relationship: /xl/worksheets/_rels/sheet1.xml.rels
17:24:50.177[main]DEBUG org.apache.poi.openxml4j.opc.PackageRelationshipCollection - Parsing relationship: /_rels/.rels
17:24:50.218[main]DEBUG org.apache.poi.openxml4j.opc.PackageRelationshipCollection - Parsing relationship: /xl/_rels/workbook.xml.rels
17:24:50.219[main]DEBUG org.apache.poi.openxml4j.opc.PackageRelationshipCollection - Parsing relationship: /xl/worksheets/_rels/sheet1.xml.rels
17:24:50.220[main]DEBUG org.apache.poi.openxml4j.opc.PackageRelationshipCollection - Parsing relationship: /_rels/.rels
17:24:50.280[main]INFO  testCases.TC003_LoginDDT - ***** Starting TC003_LoginDDT *****
17:24:50.415[main]INFO  testCases.TC003_LoginDDT - Clicked on MyAccount Link
17:24:50.829[main]INFO  testCases.TC003_LoginDDT - Clicked On Login Link
17:24:50.832[main]INFO  testCases.TC003_LoginDDT - Providing Login Details
17:24:52.079[main]INFO  testCases.TC003_LoginDDT - ***** Finished TC003_LoginDDT *****
17:24:52.105[main]INFO  testCases.TC003_LoginDDT - ***** Starting TC003_LoginDDT *****
17:24:52.200[main]INFO  testCases.TC003_LoginDDT - Clicked on MyAccount Link
17:24:52.454[main]INFO  testCases.TC003_LoginDDT - Clicked On Login Link
17:24:52.456[main]INFO  testCases.TC003_LoginDDT - Providing Login Details
17:25:03.185[main]INFO  testCases.TC003_LoginDDT - ***** Finished TC003_LoginDDT *****
17:25:03.192[main]INFO  testCases.TC003_LoginDDT - ***** Starting TC003_LoginDDT *****
17:25:03.270[main]INFO  testCases.TC003_LoginDDT - Clicked on MyAccount Link
17:25:03.806[main]INFO  testCases.TC003_LoginDDT - Clicked On Login Link
17:25:03.807[main]INFO  testCases.TC003_LoginDDT - Providing Login Details
17:25:14.865[main]INFO  testCases.TC003_LoginDDT - ***** Finished TC003_LoginDDT *****
17:25:14.869[main]INFO  testCases.TC003_LoginDDT - ***** Starting TC003_LoginDDT *****
17:25:14.946[main]INFO  testCases.TC003_LoginDDT - Clicked on MyAccount Link
17:25:15.185[main]INFO  testCases.TC003_LoginDDT - Clicked On Login Link
17:25:15.185[main]INFO  testCases.TC003_LoginDDT - Providing Login Details
17:25:25.809[main]INFO  testCases.TC003_LoginDDT - ***** Finished TC003_LoginDDT *****
17:25:25.813[main]INFO  testCases.TC003_LoginDDT - ***** Starting TC003_LoginDDT *****
17:25:25.901[main]INFO  testCases.TC003_LoginDDT - Clicked on MyAccount Link
17:25:26.138[main]INFO  testCases.TC003_LoginDDT - Clicked On Login Link
17:25:26.139[main]INFO  testCases.TC003_LoginDDT - Providing Login Details
17:25:27.275[main]INFO  testCases.TC003_LoginDDT - ***** Finished TC003_LoginDDT *****
17:25:27.287[main]INFO  testCases.TC003_LoginDDT - ***** Starting TC003_LoginDDT *****
17:25:27.388[main]INFO  testCases.TC003_LoginDDT - Clicked on MyAccount Link
17:25:27.650[main]INFO  testCases.TC003_LoginDDT - Clicked On Login Link
17:25:27.651[main]INFO  testCases.TC003_LoginDDT - Providing Login Details
17:25:38.305[main]INFO  testCases.TC003_LoginDDT - ***** Finished TC003_LoginDDT *****
17:26:37.655[main]DEBUG org.testng.TestNG - suiteXmlPath: "C:\Users\Login\eclipse-workspace\OpencartV121\master.xml"
17:26:37.966[main]INFO  org.testng.internal.Utils - [TestNG] Running:
  C:\Users\Login\eclipse-workspace\OpencartV121\master.xml

17:26:45.423[main]DEBUG org.apache.poi.openxml4j.opc.PackageRelationshipCollection - Parsing relationship: /xl/_rels/workbook.xml.rels
17:26:45.428[main]DEBUG org.apache.poi.openxml4j.opc.PackageRelationshipCollection - Parsing relationship: /xl/worksheets/_rels/sheet1.xml.rels
17:26:45.431[main]DEBUG org.apache.poi.openxml4j.opc.PackageRelationshipCollection - Parsing relationship: /_rels/.rels
17:26:46.280[main]DEBUG org.apache.poi.openxml4j.opc.PackageRelationshipCollection - Parsing relationship: /xl/_rels/workbook.xml.rels
17:26:46.281[main]DEBUG org.apache.poi.openxml4j.opc.PackageRelationshipCollection - Parsing relationship: /xl/worksheets/_rels/sheet1.xml.rels
17:26:46.284[main]DEBUG org.apache.poi.openxml4j.opc.PackageRelationshipCollection - Parsing relationship: /_rels/.rels
17:26:46.333[main]DEBUG org.apache.poi.openxml4j.opc.PackageRelationshipCollection - Parsing relationship: /xl/_rels/workbook.xml.rels
17:26:46.335[main]DEBUG org.apache.poi.openxml4j.opc.PackageRelationshipCollection - Parsing relationship: /xl/worksheets/_rels/sheet1.xml.rels
17:26:46.336[main]DEBUG org.apache.poi.openxml4j.opc.PackageRelationshipCollection - Parsing relationship: /_rels/.rels
