21:44:13.844[main]DEBUG org.testng.TestNG - suiteXmlPath: "C:\Users\Login\eclipse-workspace\OpencartV121\crossbrowsertesting.xml"
21:44:14.487[main]INFO  org.testng.internal.Utils - [TestNG] Running:
  C:\Users\Login\eclipse-workspace\OpencartV121\crossbrowsertesting.xml

21:44:34.538[TestNG-tests-3]INFO  testCases.TC001_AccountRegistrationTest - ***** Starting TC001_AccountRegistrationTest *****
21:44:34.921[TestNG-tests-3]INFO  testCases.TC001_AccountRegistrationTest - Clicked on MyAccount Link
21:44:37.669[TestNG-tests-3]INFO  testCases.TC001_AccountRegistrationTest - Clicked on Register Link
21:44:37.766[TestNG-tests-3]INFO  testCases.TC001_AccountRegistrationTest - Providing Customer details...
21:44:37.894[TestNG-tests-1]INFO  testCases.TC001_AccountRegistrationTest - ***** Starting TC001_AccountRegistrationTest *****
21:44:38.178[TestNG-tests-1]INFO  testCases.TC001_AccountRegistrationTest - Clicked on MyAccount Link
21:44:40.485[TestNG-tests-1]INFO  testCases.TC001_AccountRegistrationTest - Clicked on Register Link
21:44:40.485[TestNG-tests-1]INFO  testCases.TC001_AccountRegistrationTest - Providing Customer details...
21:44:40.667[TestNG-tests-3]INFO  testCases.TC001_AccountRegistrationTest - Validating expected message
21:44:40.764[TestNG-tests-3]INFO  testCases.TC001_AccountRegistrationTest - ***** Finished TC001_AccountRegistrationTest *****
21:44:43.384[TestNG-tests-1]INFO  testCases.TC001_AccountRegistrationTest - Validating expected message
21:44:43.442[TestNG-tests-1]INFO  testCases.TC001_AccountRegistrationTest - ***** Finished TC001_AccountRegistrationTest *****
21:44:50.562[TestNG-tests-2]INFO  testCases.TC001_AccountRegistrationTest - ***** Starting TC001_AccountRegistrationTest *****
21:44:51.016[TestNG-tests-2]INFO  testCases.TC001_AccountRegistrationTest - Clicked on MyAccount Link
21:44:52.215[TestNG-tests-2]INFO  testCases.TC001_AccountRegistrationTest - Clicked on Register Link
21:44:52.419[TestNG-tests-2]INFO  testCases.TC001_AccountRegistrationTest - Providing Customer details...
21:44:55.134[TestNG-tests-2]INFO  testCases.TC001_AccountRegistrationTest - Validating expected message
21:44:55.185[TestNG-tests-2]INFO  testCases.TC001_AccountRegistrationTest - ***** Finished TC001_AccountRegistrationTest *****
21:45:17.756[main]DEBUG org.testng.TestNG - suiteXmlPath: "C:\Users\Login\eclipse-workspace\OpencartV121\crossbrowsertesting.xml"
21:45:18.341[main]INFO  org.testng.internal.Utils - [TestNG] Running:
  C:\Users\Login\eclipse-workspace\OpencartV121\crossbrowsertesting.xml

21:45:37.288[TestNG-tests-1]INFO  testCases.TC001_AccountRegistrationTest - ***** Starting TC001_AccountRegistrationTest *****
21:45:37.729[TestNG-tests-1]INFO  testCases.TC001_AccountRegistrationTest - Clicked on MyAccount Link
21:45:40.162[TestNG-tests-1]INFO  testCases.TC001_AccountRegistrationTest - Clicked on Register Link
21:45:40.168[TestNG-tests-1]INFO  testCases.TC001_AccountRegistrationTest - Providing Customer details...
21:45:41.036[TestNG-tests-2]INFO  testCases.TC001_AccountRegistrationTest - ***** Starting TC001_AccountRegistrationTest *****
21:45:41.802[TestNG-tests-2]INFO  testCases.TC001_AccountRegistrationTest - Clicked on MyAccount Link
21:45:43.290[TestNG-tests-2]INFO  testCases.TC001_AccountRegistrationTest - Clicked on Register Link
21:45:43.291[TestNG-tests-2]INFO  testCases.TC001_AccountRegistrationTest - Providing Customer details...
21:45:43.806[TestNG-tests-1]INFO  testCases.TC001_AccountRegistrationTest - Validating expected message
21:45:43.914[TestNG-tests-1]INFO  testCases.TC001_AccountRegistrationTest - ***** Finished TC001_AccountRegistrationTest *****
21:45:45.638[TestNG-tests-2]INFO  testCases.TC001_AccountRegistrationTest - Validating expected message
21:45:45.684[TestNG-tests-2]INFO  testCases.TC001_AccountRegistrationTest - ***** Finished TC001_AccountRegistrationTest *****
21:46:04.714[TestNG-tests-3]INFO  testCases.TC001_AccountRegistrationTest - ***** Starting TC001_AccountRegistrationTest *****
21:46:05.324[TestNG-tests-3]INFO  testCases.TC001_AccountRegistrationTest - Clicked on MyAccount Link
21:46:06.307[TestNG-tests-3]INFO  testCases.TC001_AccountRegistrationTest - Clicked on Register Link
21:46:06.308[TestNG-tests-3]INFO  testCases.TC001_AccountRegistrationTest - Providing Customer details...
21:46:08.124[TestNG-tests-3]INFO  testCases.TC001_AccountRegistrationTest - Validating expected message
21:46:08.265[TestNG-tests-3]INFO  testCases.TC001_AccountRegistrationTest - ***** Finished TC001_AccountRegistrationTest *****
22:00:45.274[main]DEBUG org.testng.TestNG - suiteXmlPath: "C:\Users\Login\eclipse-workspace\OpencartV121\master.xml"
22:00:45.660[main]INFO  org.testng.internal.Utils - [TestNG] Running:
  C:\Users\Login\eclipse-workspace\OpencartV121\master.xml

22:00:54.304[main]INFO  testCases.TC001_AccountRegistrationTest - ***** Starting TC001_AccountRegistrationTest *****
22:00:55.599[main]INFO  testCases.TC001_AccountRegistrationTest - Clicked on MyAccount Link
