20:28:53.747[main]INFO  org.testng.internal.Utils - [Utils] MethodGroupsHelper.sortMethods() took 1 ms.
20:28:53.754[main]INFO  org.testng.internal.Utils - [Utils] MethodGroupsHelper.collectMethodsByGroup() took 0 ms.
20:28:53.754[main]INFO  org.testng.internal.Utils - [Utils] MethodGroupsHelper.sortMethods() took 0 ms.
20:28:53.755[main]INFO  org.testng.internal.Utils - [Utils] MethodGroupsHelper.collectMethodsByGroup() took 0 ms.
20:28:53.755[main]INFO  org.testng.internal.Utils - [Utils] MethodGroupsHelper.sortMethods() took 0 ms.
20:28:53.756[main]INFO  org.testng.internal.Utils - [Utils] MethodGroupsHelper.collectMethodsByGroup() took 0 ms.
20:28:53.757[main]INFO  org.testng.internal.Utils - [Utils] MethodGroupsHelper.sortMethods() took 0 ms.
20:28:53.765[main]INFO  org.testng.internal.Utils - [Utils] MethodGroupsHelper.collectMethodsByGroup() took 5 ms.
20:28:53.774[main]INFO  org.testng.internal.Utils - [Utils] MethodGroupsHelper.sortMethods() took 8 ms.
20:28:53.775[main]INFO  org.testng.internal.Utils - [Utils] MethodGroupsHelper.collectMethodsByGroup() took 0 ms.
20:28:53.776[main]INFO  org.testng.internal.Utils - [Utils] MethodGroupsHelper.sortMethods() took 0 ms.
20:28:53.777[main]INFO  org.testng.internal.Utils - [Utils] MethodGroupsHelper.collectMethodsByGroup() took 0 ms.
20:28:53.777[main]INFO  org.testng.internal.Utils - [Utils] MethodGroupsHelper.sortMethods() took 0 ms.
20:28:53.778[main]INFO  org.testng.internal.Utils - [Utils] MethodGroupsHelper.collectMethodsByGroup() took 0 ms.
20:28:53.778[main]INFO  org.testng.internal.Utils - [Utils] MethodGroupsHelper.sortMethods() took 0 ms.
20:28:53.781[main]INFO  org.testng.internal.Utils - [Utils] MethodGroupsHelper.collectMethodsByGroup() took 0 ms.
20:28:53.781[main]INFO  org.testng.internal.Utils - [Utils] MethodGroupsHelper.sortMethods() took 0 ms.
20:28:53.782[main]INFO  org.testng.internal.Utils - [Utils] MethodGroupsHelper.collectMethodsByGroup() took 0 ms.
20:28:53.782[main]INFO  org.testng.internal.Utils - [Utils] MethodGroupsHelper.sortMethods() took 0 ms.
20:28:53.785[main]INFO  org.testng.internal.Utils - [Utils] MethodGroupsHelper.collectMethodsByGroup() took 0 ms.
20:28:53.785[main]INFO  org.testng.internal.Utils - [Utils] MethodGroupsHelper.sortMethods() took 0 ms.
20:28:53.786[main]INFO  org.testng.internal.Utils - [Utils] MethodGroupsHelper.collectMethodsByGroup() took 0 ms.
20:28:53.786[main]INFO  org.testng.internal.Utils - [Utils] MethodGroupsHelper.sortMethods() took 0 ms.
20:28:53.787[main]INFO  org.testng.internal.Utils - [Utils] MethodGroupsHelper.collectMethodsByGroup() took 0 ms.
20:28:53.788[main]INFO  org.testng.internal.Utils - [Utils] MethodGroupsHelper.sortMethods() took 0 ms.
20:28:53.790[main]INFO  org.testng.internal.Utils - [Utils] MethodGroupsHelper.collectMethodsByGroup() took 0 ms.
20:28:53.790[main]INFO  org.testng.internal.Utils - [Utils] MethodGroupsHelper.sortMethods() took 0 ms.
20:28:53.791[main]INFO  org.testng.internal.Utils - [Utils] MethodGroupsHelper.collectMethodsByGroup() took 0 ms.
20:28:53.791[main]INFO  org.testng.internal.Utils - [Utils] MethodGroupsHelper.sortMethods() took 0 ms.
20:28:53.801[main]INFO  org.testng.internal.Utils - [TestNG] Running:
  C:\Users\Login\AppData\Local\Temp\testng-eclipse-397627803\testng-customsuite.xml

20:28:53.822[main]INFO  org.testng.internal.Utils - [Utils] DynamicGraphHelper.createDynamicGraph() took 4 ms.
20:29:02.238[main]INFO  testCases.TC001_AccountRegistrationTest - ***** Starting TC001_AccountRegistrationTest *****
20:29:04.202[main]INFO  testCases.TC001_AccountRegistrationTest - Clicked on MyAccount Link
20:29:04.833[main]INFO  testCases.TC001_AccountRegistrationTest - Clicked on Register Link
20:29:04.842[main]INFO  testCases.TC001_AccountRegistrationTest - Providing Customer details...
20:29:06.229[main]INFO  testCases.TC001_AccountRegistrationTest - Validating expected message
20:29:06.269[main]INFO  testCases.TC001_AccountRegistrationTest - ***** Finished TC001_AccountRegistrationTest *****
20:29:06.738[main]INFO  org.testng.internal.Utils - [TestNG] Time taken by org.testng.reporters.jq.Main@43effd89: 89 ms
20:29:06.741[main]INFO  org.testng.internal.Utils - [TestNG] Time taken by org.testng.reporters.FailedReporter@2c16fadb: 2 ms
20:29:06.752[main]INFO  org.testng.internal.Utils - [TestNG] Time taken by org.testng.reporters.XMLReporter@49dbaaf3: 11 ms
20:29:06.761[main]INFO  org.testng.internal.Utils - [TestNG] Time taken by org.testng.reporters.EmailableReporter2@1bfe3203: 9 ms
20:29:06.768[main]INFO  org.testng.internal.Utils - [TestNG] Time taken by org.testng.reporters.JUnitReportReporter@250b236d: 7 ms
20:29:06.768[main]INFO  org.testng.internal.Utils - [TestNG] Time taken by org.testng.internal.ExitCodeListener@61f3fbb8: 0 ms
20:42:13.174[main]DEBUG org.testng.TestNG - suiteXmlPath: "C:\Users\Login\eclipse-workspace\OpencartV121\master.xml"
20:42:13.503[main]INFO  org.testng.internal.Utils - [TestNG] Running:
  C:\Users\Login\eclipse-workspace\OpencartV121\master.xml

